<?xml version="1.0" encoding="UTF-8"?>
<testsuite xmlns:xsi="http://www.w3.org/2001/XMLSchema-instance" xsi:noNamespaceSchemaLocation="https://maven.apache.org/surefire/maven-surefire-plugin/xsd/surefire-test-report-3.0.xsd" version="3.0" name="Pandhre.AppTest" time="34.884" tests="1" errors="0" skipped="0" failures="0">
  <properties>
[...]
</properties>
  <testcase name="testTitle" classname="Pandhre.AppTest" time="28.304">
    <system-err><![CDATA[1727079497184	geckodriver	INFO	Listening on 127.0.0.1:29261
1727079497455	mozrunner::runner	INFO	Running command: "C:\\Program Files\\Mozilla Firefox\\firefox.exe" "--marionette" "-no-remote" "-profile" "C:\\Users\\ganes\\AppData\\Local\\Temp\\rust_mozprofilei9zRoM"
console.warn: services.settings: Ignoring preference override of remote settings server
console.warn: services.settings: Allow by setting MOZ_REMOTE_SETTINGS_DEVTOOLS=1 in the environment
1727079498100	Marionette	INFO	Marionette enabled
Dynamically enable window occlusion 0
1727079498271	Marionette	INFO	Listening on port 53995
Read port: 53995
1727079498490	RemoteAgent	WARN	TLS certificate errors will be ignored for this session
Sept 23, 2024 1:48:21 PM org.openqa.selenium.remote.ProtocolHandshake createSession
INFO: Detected dialect: W3C
]]></system-err>
  </testcase>
</testsuite>