<?xml version="1.0" encoding="UTF-8"?>
<testng-results ignored="0" total="1" passed="1" failed="0" skipped="0">
  <reporter-output>
  </reporter-output>
  <suite started-at="2024-09-23T13:48:16 IST" name="Surefire suite" finished-at="2024-09-23T13:48:50 IST" duration-ms="34325">
    <groups>
    </groups>
    <test started-at="2024-09-23T13:48:16 IST" name="Surefire test" finished-at="2024-09-23T13:48:50 IST" duration-ms="34325">
      <class name="Pandhre.AppTest">
        <test-method is-config="true" signature="setUp()[pri:0, instance:Pandhre.AppTest@534df152]" started-at="2024-09-23T13:48:16 IST" name="setUp" finished-at="2024-09-23T13:48:21 IST" duration-ms="4764" status="PASS">
          <reporter-output>
          </reporter-output>
        </test-method> <!-- setUp -->
        <test-method signature="testTitle()[pri:0, instance:Pandhre.AppTest@534df152]" started-at="2024-09-23T13:48:21 IST" name="testTitle" finished-at="2024-09-23T13:48:49 IST" duration-ms="28301" status="PASS">
          <reporter-output>
          </reporter-output>
        </test-method> <!-- testTitle -->
        <test-method is-config="true" signature="tearDown()[pri:0, instance:Pandhre.AppTest@534df152]" started-at="2024-09-23T13:48:49 IST" name="tearDown" finished-at="2024-09-23T13:48:50 IST" duration-ms="1219" status="PASS">
          <reporter-output>
          </reporter-output>
        </test-method> <!-- tearDown -->
      </class> <!-- Pandhre.AppTest -->
    </test> <!-- Surefire test -->
  </suite> <!-- Surefire suite -->
</testng-results>
